5
11
17
23
29
35
41
47
53
59
65
71
77
83
89
95
101
107
113
119
124
130
136
142
148
154
160
166
172
178
184
190
196
202
208
214
220
226
232
238
244
250
256
262
268
274
280
286
292
298
304
310
316
322
328
334
340
346
352
358
364
370
376
382
388
394
400
406
412
418
424
430
436
442
448
454
460
466
472
478
484
490
496
502
508
514
520
526
532
538
544
550
556
562
568
574
580
586
592
598
604
610
616
622
628
634
640
646
652
658
664
670
676
683
689
695
701
707
713
719
725
731
737
743
749
755
761
767
773
779
785
791
797
803
809
815
821
827
833
839
845
851
857
863
869
875
881
887
893
899
905
911
917
923
929
935
941
947
953
959
965
971
977
983
989
995
1001
1007
1013
1019
1025
1031
1037
1043
1049
1055
1061
1067
1073
1079
1084
1090
1096
1102
1108
1114
1120
1126
1132
1138
1144
1150
1156
1162
1168
1174
1180
1186
1192
1198
1204
1210
1216
1222
1227
1233
1239
1245
1251
1257
1263
1269
1275
1281
1287
1293
1299
1305
1311
1317
1323
1329
1335
1340
1346
1352
1358
1364
1370
1376
1382
1388
1394
1400
1406
1412
1418
1424
1430
1436
1442
1448
1454
1460
1466
1472
1478
1484
1490
1496
1502
1508
1514
1520
1526
1532
1538
1544
1550
1556
1562
1568
1574
1580
1586
1592
1598
1604
1610
1616
1622
1628
1634
1640
1646
1652
1658
1664
1670
1676
1682
1688
1694
1700
1706
1712
1718
1724
1730
1736
1742
1748
1754
1760
1766
1772
1778
1784
1790
1796
1802
1808
1814
1820
1826
1832
1838
1844
1850
1856
1862
1868
1874
1880
1886
1892
1898
1904
1910
1916
1922
1928
1934
1940
1946
1952
1958
1964
1970
1976
1982
1988
1994
2000
2006
2012
2018
2024
2030
2037
2043
2049
2055
2061
2067
2073
2079
2085
2091
2097
2103
2109
2115
2121
2127
2133
2139
2145
2151
2157
2163
2169
2175
2181
2187
2193
2199
2205
2211
2217
2223
2229
2235
2241
2247
2253
2259
2265
2271
2277
2282
2288
2294
2300
2306
2312
2318
2324
2330
2336
2342
2348
2354
2360
2366
2372
2378
2384
2390
2396
2402
2408
2414
2420
2426
2432
2438
2444
2450
2455
2461
2467
2473
2479
2485
2491
2497
2503
2509
2515
2521
2527
2533
2539
2545
2551
2557
2562
2568
2574
2580
2586
2592
2598
2604
2610
2616
2622
2628
2634
2640
2646
2652
2658
2664
2670
2676
2682
2688
2694
2700
2706
2712
2718
2724
2730
2736
2742
2747
2753
2759
2765
2771
2777
2783
2789
2795
2801
2807
2813
2819
2825
2831
2837
2843
2849
2855
2861
2867
2873
2879
2885
2891
2897
2903
2909
2915
2921
2927
2933
2939
2946
2952
2958
2964
2970
2976
2982
2988
2994
3000
3006
3012
3018
3024
3030
3036
3042
3048
3054
3060
3066
3072
3078
3084
3090
3096
3102
3108
3114
3120
3126
3132
3138
3144
3150
3156
3162
3168
3174
3180
3186
3192
3198
3204
3210
3216
3222
3228
3234
3240
3246
3252
3258
3264
3270
3276
3282
3288
3294
3300
3306
3312
3318
3324
3330
3336
3342
3348
3354
3360
3366
3372
3378
3384
3390
3396
3402
3408
3414
3420
3426
3432
3438
3444
3450
3456
3462
3468
3474
3480
3486
3492
3498
3504
3510
3516
3522
3528
3534
3540
3546
3552
3558
3564
3570
3576
3582
3588
3594
3600
3606
3612
3618
3624
3630
3636
3642
3648
3654
3660
3666
3671
3677
3683
3689
3695
3701
3707
3713
3719
3725
3731
3737
3743
3749
3755
3761
3767
3773
3779
3784
3790
3796
3802
3808
3814
3820
3826
3832
3838
3844
3850
3856
3862
3868
3874
3880
3886
3892
3898
3904
3910
3916
3922
3928
3933
3939
3945
3951
3957
3963
3969
3975
3981
3987
3993
3999
4005
4011
4017
4023
4029
4035
4041
4047
4053
4059
4065
4071
4077
4083
4089
4095
4101
4107
4113
4119
4125
4131
4137
4143
4149
4155
4161
4167
4173
4179
4185
4191
4197
4203
4209
4215
4221
4227
4233
4239
4245
4251
4257
4263
4269
4275
4281
4287
4293
4300
4306
4312
4318
4324
4330
4336
4342
4348
4354
4360
4366
4372
4378
4384
4390
4396
4402
4408
4414
4420
4426
4432
4438
4444
4450
4456
4462
4468
4474
4480
4486
4492
4498
4504
4510
4516
4522
4528
4534
4540
4546
4552
4558
4564
4570
4576
4582
4588
4594
4600
4606
4612
4618
4624
4630
4636
4642
4648
4654
4660
4666
4672
4678
4684
4690
4696
4702
4708
4714
4720
4726
4732
4738
4744
4750
4756
4762
4768
4774
4780
4786
4792
4798
4804
4810
4816
4822
4828
4834
4840
4846
4852
4858
4864
4870
4876
4882
4888
4893
4899
4905
4911
4917
4923
4929
4935
4941
4947
4953
4959
4965
4971
4977
4983
4989
4995
5001
5007
5012
5018
5024
5030
5036
5042
5048
5054
5060
5066
5072
5078
5084
5090
5096
5102
5108
5114
5120
5126
5132
5138
5143
5149
5155
5161
5167
5173
5179
5185
5191
5197
5203
5209
5215
5221
5227
5233
5239
5245
5251
5257
5263
5269
5275
5281
5287
5293
5299
5305
5311
5317
5323
5329
5335
5341
5347
5353
5359
5365
5371
5377
5383
5389
5395
5401
5407
5413
5419
5425
5431
5437
5443
5449
5455
5461
5467
5473
5479
5485
5491
5497
5503
5509
5515
5521
5527
5533
5539
5545
5551
5557
5563
5569
5575
5581
5587
5593
5599
5605
5611
5617
5623
5629
5635
5642
5648
5654
5660
5666
5672
5678
5684
5690
5696
5702
5708
5714
5720
5726
5732
5738
5744
5750
5756
5762
5768
5774
5780
5786
5792
5798
5804
5810
5816
5822
5828
5834
5840
5846
5852
5858
5864
5870
5876
5882
5888
5894
5900
5906
5912
5918
5924
5930
5936
5942
5948
5954
5960
5966
5972
5978
5984
5990
5996
6002
6008
6014
6020
6026
6032
6038
6044
6050
6056
6062
6068
6074
6080
6086
6092
6098
6103
6109
6115
6121
6127
6133
6139
6145
6151
6157
6163
6169
6175
6181
6187
6193
6199
6205
6211
6217
6223
6229
6234
6240
6246
6252
6258
6264
6270
6276
6282
6288
6294
6300
6306
6312
6318
6324
6330
6336
6342
6348
6353
6359
6365
6371
6377
6383
6389
6395
6401
6407
6413
6419
6425
6431
6437
6443
6449
6455
6461
6467
6473
6479
6485
6491
6497
6503
6509
6515
6521
6527
6533
6539
6545
6551
6557
6563
6569
6575
6581
6587
6593
6599
6605
6611
6617
6623
6629
6635
6641
6647
6653
6659
6665
6671
6677
6683
6689
6695
6701
6707
6713
6719
6725
6731
6737
6743
6749
6755
6761
6767
6773
6779
6785
6791
6797
6803
6809
6815
6821
6827
6833
6839
6845
6851
6857
6863
6869
6875
6881
6887
6893
6899
6905
6911
6917
6923
6929
6935
6941
6947
6953
6959
6965
6971
6977
6983
6989
6996
7002
7008
7014
7020
7026
7032
7038
7044
7050
7056
7062
7068
7074
7080
7086
7092
7098
7104
7110
7116
7122
7128
7134
7140
7146
7152
7158
7164
7170
7176
7182
7188
7194
7200
7206
7212
7218
7224
7230
7236
7242
7248
7254
7260
7266
7272
7278
7284
7290
7296
7301
7307
7313
7319
7325
7331
7337
7343
7349
7355
7361
7367
7373
7379
7385
7391
7397
7403
7409
7415
7421
7427
7433
7439
7445
7451
7457
7462
7468
7474
7480
7486
7492
7498
7504
7510
7516
7522
7528
7534
7540
7546
7552
7558
7564
7570
7575
7581
7587
7593
7599
7605
7611
7617
7623
7629
7635
7641
7647
7653
7659
7665
7671
7677
7683
7689
7695
7701
7707
7713
7719
7725
7731
7737
7743
7749
7755
7761
7767
7773
7779
7784
7790
7796
7802
7808
7814
7820
7826
7832
7838
7844
7850
7856
7862
7868
7874
7880
7886
7892
7899
7905
7911
7917
7923
7929
7935
7941
7947
7953
7959
7965
7971
7977
7983
7989
7995
8001
8007
8013
8019
8025
8031
8037
8043
8049
8055
8061
8067
8073
8079
8085
8091
8097
8103
8109
8115
8121
8127
8133
8139
8145
8151
8157
8163
8169
8175
8181
8187
8193
8199
8205
8211
8217
8223
8229
8235
8241
8247
8253
8259
8265
8271
8277
8283
8289
8295
8301
8307
8313
8319
8325
8331
8337
8343
8350
8356
8362
8368
8374
8380
8386
8392
8398
8404
8410
8416
8422
8428
8434
8440
8446
8452
8458
8464
8470
8475
8481
8487
8493
8499
8505
8511
8517
8523
8529
8535
8541
8547
8553
8559
8565
8571
8577
8583
8589
8595
8601
8607
8613
8619
8625
8631
8637
8643
8649
8655
8661
8667
8673
8679
8684
8690
8696
8702
8708
8714
8720
8726
8732
8738
8744
8750
8756
8762
8768
8774
8780
8786
8792
8797
8803
8809
8815
8821
8827
8833
8839
8845
8851
8857
8863
8869
8875
8881
8887
8893
8899
8905
8911
8917
8923
8929
8935
8941
8947
8952
8958
8964
8970
8976
8982
8988
8994
9000
9006
9012
9018
9024
9030
9036
9042
9048
9054
9060
9066
9072
9078
9084
9090
9096
9102
9108
9114
9120
9126
9132
9138
9144
9150
9156
9162
9168
9174
9180
9186
9192
9198
9204
9210
9216
9222
9228
9234
9240
9246
9253
9259
9265
9271
9277
9283
9289
9295
9301
9307
9313
9319
9325
9331
9337
9343
9349
9355
9361
9367
9373
9379
9385
9391
9397
9403
9409
9415
9421
9427
9433
9439
9445
9451
9457
9463
9469
9475
9481
9487
9493
9499
9505
9511
9517
9523
9529
9535
9541
9547
9553
9559
9565
9571
9577
9583
9589
9595
9601
9607
9613
9619
9625
9631
9637
9643
9649
9655
9661
9667
9673
9679
9685
9691
9697
9703
9709
9715
9721
9727
9733
9739
9745
9751
9757
9763
9769
9775
9781
9787
9793
9799
9805
9811
9817
9823
9829
9835
9841
9847
9853
9859
9865
9871
9877
9883
9889
9895
9900
9906
9912
9918
9924
9930
9936
9942
9948
9954
9960
9966
9972
9978
9984
9990
9996
10002
10008
10014
10019
10025
10031
10037
10043
10049
10055
10061
10067
10073
10079
10085
10091
10097
10103
10109
10115
10121
10127
10133
10139
10145
10151
10156
10162
10168
10174
10180
10186
10192
10198
10204
10210
10216
10222
10228
10234
10240
10246
10252
10258
10264
10270
10276
10282
10288
10294
10300
10306
10312
10318
10324
10330
10336
10342
10348
10354
10360
10366
10372
10378
10384
10390
10396
10402
10408
10414
10420
10426
10432
10438
10444
10450
10456
10462
10468
10474
10480
10486
10492
10498
10504
10510
10516
10522
10528
10534
10540
10546
10552
10558
10564
10570
10576
10582
10588
10594
10600
10606
10613
10619
10625
10631
10637
10643
10649
10655
10661
10667
10673
10679
10685
10691
10697
10703
10709
10715
10721
10727
10733
10739
10745
10751
10757
10763
10769
10775
10781
10787
10793
10799
10805
10811
10817
10823
10829
10835
10841
10847
10853
10859
10865
10871
10877
10883
10889
10895
10901
10907
10913
10919
10925
10931
10937
10943
10949
10955
10961
10967
10973
10979
10985
10991
10997
11003
11009
11015
11021
11027
11033
11039
11045
11051
11057
11063
11069
11075
11081
11087
11093
11099
11105
11111
11116
11122
11128
11134
11140
11146
11152
11158
11164
11170
11176
11182
11188
11194
11200
11206
11212
11218
11224
11230
11236
11242
11247
11253
11259
11265
11271
11277
11283
11289
11295
11301
11307
11313
11319
11325
11331
11337
11343
11349
11355
11361
11366
11372
11378
11384
11390
11396
11402
11408
11414
11420
11426
11432
11438
11444
11450
11456
11462
11468
11474
11480
11486
11492
11498
11504
11510
11516
11522
11528
11534
11540
11546
11552
11558
11564
11570
11576
11582
11588
11594
11600
11606
11612
11618
11624
11630
11636
11642
11648
11654
11660
11666
11672
11678
11684
11690
11696
11702
11708
11714
11720
11726
11732
11738
11744
11750
11756
11762
11768
11774
11780
11786
11792
11798
11804
11810
11816
11822
11828
11834
11840
11846
11852
11858
11864
11870
11876
11882
11888
11894
11900
11906
11912
11918
11924
11930
11936
11942
11948
11954
11960
11967
11973
11979
11985
11991
11997
12003
12009
12015
12021
12027
12033
12039
12045
12051
12057
12063
12069
12075
12081
12087
12093
12099
12105
12111
12117
12123
12129
12135
12141
12147
12153
12159
12165
12171
12177
12183
12189
12195
12201
12207
12213
12219
12225
12231
12237
12243
12249
12255
12261
12267
12273
12279
12285
12291
12297
12303
12309
12315
12321
12326
12332
12338
12344
12350
12356
12362
12368
12374
12380
12386
12392
12398
12404
12410
12416
12422
12428
12434
12440
12446
12452
12458
12464
12470
12475
12481
12487
12493
12499
12505
12511
12517
12523
12529
12535
12541
12547
12553
12559
12565
12571
12577
12583
12588
12594
12600
12606
12612
12618
12624
12630
12636
12642
12648
12654
12660
12666
12672
12678
12684
12690
12696
12702
12708
12714
12720
12726
12732
12738
12744
12750
12756
12762
12768
12774
12780
12786
12792
12798
12804
12810
12816
12822
12828
12834
12840
12846
12852
12858
12864
12870
12876
12882
12888
12894
12900
12906
12912
12918
12924
12930
12936
12942
12948
12954
12960
12966
12972
12978
12984
12990
12996
13002
13008
13014
13020
13026
13032
13038
13044
13050
13056
13062
13068
13074
13080
13086
13092
13098
13104
13110
13116
13122
13128
13134
13140
13146
13152
13158
13164
13170
13176
13182
13188
13194
13200
13206
13212
13218
13224
13230
13236
13242
13248
13254
13260
13266
13272
13278
13284
13290
13296
13302
13308
13314
13321
13327
13333
13339
13345
13351
13357
13363
13369
13375
13381
13387
13393
13399
13405
13411
13417
13423
13429
13435
13441
13447
13453
13459
13465
13471
13477
13483
13489
13495
13501
13507
13512
13518
13524
13530
13536
13542
13548
13554
13560
13566
13572
13578
13584
13590
13596
13602
13608
13614
13620
13626
13632
13638
13644
13650
13656
13662
13668
13674
13680
13686
13692
13697
13703
13709
13715
13721
13727
13733
13739
13745
13751
13757
13763
13769
13775
13781
13787
13793
13799
13804
13810
13816
13822
13828
13834
13840
13846
13852
13858
13864
13870
13876
13882
13888
13894
13900
13906
13912
13918
13924
13930
13936
13942
13948
13954
13960
13966
13972
13977
13983
13989
13995
14001
14007
14013
14019
14025
14031
14037
14043
14049
14055
14061
14067
14073
14079
14085
14091
14097
14103
14109
14115
14121
14127
14133
14139
14145
14151
14157
14163
14169
14175
14181
14187
14193
14199
14205
14211
14217
14223
14230
14236
14242
14248
14254
14260
14266
14272
14278
14284
14290
14296
14302
14308
14314
14320
14326
14332
14338
14344
14350
14356
14362
14368
14374
14380
14386
14392
14398
14404
14410
14416
14422
14428
14434
14440
14446
14452
14458
14464
14470
14476
14482
14488
14494
14500
14506
14512
14518
14524
14530
14536
14542
14548
14554
14560
14566
14572
14578
14584
14590
14596
14602
14608
14614
14620
14626
14632
14638
14644
14650
14655
14661
14667
14673
14678
14684
14690
14696
14701
14707
14713
14718
14724
14730
14735
14741
14746
14752
14758
14763
14769
14774
14780
14785
14791
14796
14802
14807
14812
14818
14823
14829
14834
14839
14845
14850
14855
14861
14866
14871
14876
14882
14887
14892
14897
14903
14908
14913
14918
14923
14928
14934
14939
14944
14949
14954
14959
14964
14969
14974
14979
14984
14989
14995
15000
15005
15009
15014
15019
15024
15029
15034
15039
15044
15049
15054
15059
15064
15069
15074
15079
15084
15089
15094
15099
15104
15109
15114
15119
15124
15129
15134
15139
15144
15149
15154
15159
15164
15169
15174
15179
15184
15189
15194
15199
15204
15209
15214
15219
15224
15229
15234
15239
15244
15249
15254
15259
15264
15269
15274
15279
15284
15289
15294
15299
15304
15309
15314
15319
15324
15329
15334
15339
15344
15349
15354
15359
15364
15369
15374
15379
15384
15389
15394
15399
15404
15409
15414
15419
15424
15429
15434
15439
15444
15449
15454
15459
15464
15469
15474
15479
15483
15488
15493
15498
15503
15508
15513
15518
15523
15528
15533
15538
15543
15548
15553
15558
15563
15568
15573
15578
15583
15588
15593
15598
15603
15608
15613
15618
15623
15628
15633
15638
15643
15648
15653
15658
15663
15668
15673
15678
15683
15688
15693
15698
15703
15708
15713
15718
15723
15728
15733
15738
15743
15748
15753
15758
15763
15768
15773
15778
15783
15788
15793
15798
15803
15808
15813
15818
15823
15828
15833
15838
15843
15848
15853
15858
15863
15868
15873
15878
15883
15888
15893
15898
15903
15908
15913
15918
15923
15928
15933
15938
15943
15948
15952
15957
15962
15967
15972
15977
15982
15987
15992
15997
16002
16007
16012
16017
16022
16027
16032
16037
16042
16047
16052
16057
16062
16067
16072
16077
16082
16087
16092
16097
16102
16107
16112
16117
16122
16127
16132
16137
16142
16147
16152
16157
16162
16167
16172
16177
16182
16187
16192
16197
16202
16207
16212
16217
16222
16227
16232
16237
16242
16247
16252
16257
16262
16267
16272
16277
16282
16287
16292
16297
16302
16307
16312
16317
16322
16327
16332
16337
16342
16347
16352
16357
16362
16367
16372
16377
16382
16387
16392
16397
16402
16407
16412
16417
16422
16426
16431
16436
16441
16446
16451
16456
16461
16466
16471
16476
16481
16486
16491
16496
16501
16506
16511
16516
16521
16526
16531
16536
16541
16546
16551
16556
16561
16566
16571
16576
16581
16586
16591
16596
16601
16606
16611
16616
16621
16626
16631
16636
16641
16646
16651
16656
16661
16666
16671
16676
16681
16686
16691
16696
16701
16706
16711
16716
16721
16726
16731
16736
16741
16746
16751
16756
16761
16766
16771
16776
16781
16786
16791
16796
16801
16806
16811
16816
16821
16826
16831
16836
16841
16846
16851
16856
16861
16866
16871
16876
16881
16886
16891
16895
16900
16905
16910
16915
16920
16925
16930
16935
16940
16945
16950
16955
16960
16965
16970
16975
16980
16985
16990
16995
17000
17005
17010
17015
17020
17025
17030
17035
17040
17045
17050
17055
17060
17065
17070
17075
17080
17085
17090
17095
17100
17105
17110
17115
17120
17125
17130
17135
17140
17145
17150
17155
17160
17165
17170
17175
17180
17185
17190
17195
17200
17205
17210
17215
17220
17225
17230
17235
17240
17245
17250
17255
17260
17265
17270
17275
17280
17285
17290
17295
17300
17305
17310
17315
17320
17325
17330
17335
17340
17345
17350
17355
17360
17365
17369
17374
17379
17384
17389
17394
17399
17404
17409
17414
17419
17424
17429
17434
17439
17444
17449
17454
17459
17464
17469
17474
17479
17484
17489
17494
17499
17504
17509
17514
17519
17524
17529
17534
17539
17544
17549
17554
17559
17564
17569
17574
17579
17584
17589
17594
17599
17604
17609
17614
17619
17624
17629
17634
17639
17644
17649
17654
17659
17664
17669
17674
17679
17684
17689
17694
17699
17704
17709
17714
17719
17724
17729
17734
17739
17744
17749
17754
17759
17764
17769
17774
17779
17784
17789
17794
17799
17804
17809
17814
17819
17824
17829
17834
17839
17843
17848
17853
17858
17863
17868
17873
17878
17883
17888
17893
17898
17903
17908
17913
17918
17923
17928
17933
17938
17943
17948
17953
17958
17963
17968
17973
17978
17983
17988
17993
17998
18003
18008
18013
18018
18023
18028
18033
18038
18043
18048
18053
18058
18063
18068
18073
18078
18083
18088
18093
18098
18103
18108
18113
18118
18123
18128
18133
18138
18143
18148
18153
18158
18163
18168
18173
18178
18183
18188
18193
18198
18203
18208
18213
18218
18223
18228
18233
18238
18243
18248
18253
18258
18263
18268
18273
18278
18283
18288
18293
18298
18303
18308
18312
18317
18322
18327
18332
18337
18342
18347
18352
18357
18362
18367
18372
18377
18382
18387
18392
18397
18402
18407
18412
18417
18422
18427
18432
18437
18442
18447
18452
18457
18462
18467
18472
18477
18482
18487
18492
18497
18502
18507
18512
18517
18522
18527
18532
18537
18542
18547
18552
18557
18562
18567
18572
18577
18582
18587
18592
18597
18602
18607
18612
18617
18622
18627
18632
18637
18642
18647
18652
18657
18662
18667
18672
18677
18682
18687
18692
18697
18702
18707
18712
18717
18722
18727
18732
18737
18742
18747
18752
18757
18762
18767
18772
18777
18782
18786
18791
18796
18801
18806
18811
18816
18821
18826
18831
18836
18841
18846
18851
18856
18861
18866
18871
18876
18881
18886
18891
18896
18901
18906
18911
18916
18921
18926
18931
18936
18941
18946
18951
18956
18961
18966
18971
18976
18981
18986
18991
18996
19001
19006
19011
19016
19021
19026
19031
19036
19041
19046
19051
19056
19061
19066
19071
19076
19081
19086
19091
19096
19101
19106
19111
19116
19121
19126
19131
19136
19141
19146
19151
19156
19161
19166
19171
19176
19181
19186
19191
19196
19201
19206
19211
19216
19221
19226
19231
19236
19241
19246
19251
19255
19260
19265
19270
19275
19280
19285
19290
19295
19300
19305
19310
19315
19320
19325
19330
19335
19340
19345
19350
19355
19360
19365
19370
19375
19380
19385
19390
19395
19400
19405
19410
19415
19420
19425
19430
19435
19440
19445
19450
19455
19460
19465
19470
19475
19480
19485
19490
19495
19500
19505
19510
19515
19520
19525
19530
19535
19540
19545
19550
19555
19560
19565
19570
19575
19580
19585
19590
19595
19600
19605
19610
19615
19620
19625
19630
19635
19640
19645
19650
19655
19660
19665
19670
19675
19680
19685
19690
19695
19700
19705
19710
19715
19720
19725
19729
19734
19739
19744
19749
19754
19759
19764
19769
19774
19779
19784
19789
19794
19799
19804
19809
19814
19819
19824
19829
19834
19839
19844
19849
19854
19859
19864
19869
19874
19879
19884
19889
19894
19899
19904
19909
19914
19919
19924
19929
19934
19939
19944
19949
19954
19959
19964
19969
19974
19979
19984
19989
19994
19999
20004
20009
20014
20019
20024
20029
20034
20039
20044
20049
20054
20059
20064
20069
20074
20079
20084
20089
20094
20099
20104
20109
20114
20119
20124
20129
20134
20139
20144
20149
20154
20159
20164
20169
20174
20179
20184
20189
20194
20198
20203
20208
20213
20218
20223
20228
20233
20238
20243
20248
20253
20258
20263
20268
20273
20278
20283
20288
20293
20298
20303
20308
20313
20318
20323
20328
20333
20338
20343
20348
20353
20358
20363
20368
20373
20378
20383
20388
20393
20398
20403
20408
20413
20418
20423
20428
20433
20438
20443
20448
20453
20458
20463
20468
20473
20478
20483
20488
20493
20498
20503
20508
20513
20518
20523
20528
20533
20538
20543
20548
20553
20558
20563
20568
20573
20578
20583
20588
20593
20598
20603
20608
20613
20618
20623
20628
20633
20638
20643
20648
20653
20658
20663
20668
20672
20677
20682
20687
20692
20697
20702
20707
20712
20717
20722
20727
20732
20737
20742
20747
20752
20757
20762
20767
20772
20777
20782
20787
20792
20797
20802
20807
20812
20817
20822
20827
20832
20837
20842
20847
20852
20857
20862
20867
20872
20877
20882
20887
20892
20897
20902
20907
20912
20917
20922
20927
20932
20937
20942
20947
20952
20957
20962
20967
20972
20977
20982
20987
20992
20997
21002
21007
21012
21017
21022
21027
21032
21037
21042
21047
21052
21057
21062
21067
21072
21077
21082
21087
21092
21097
21102
21107
21112
21117
21122
21127
21132
21137
21142
21146
21151
21156
21161
21166
21171
21176
21181
21186
21191
21196
21201
21206
21211
21216
21221
21226
21231
21236
21241
21246
21251
21256
21261
21266
21271
21276
21281
21286
21291
21296
21301
21306
21311
21316
21321
21326
21331
21336
21341
21346
21351
21356
21361
21366
21371
21376
21381
21386
21391
21396
21401
21406
21411
21416
21421
21426
21431
21436
21441
21446
21451
21456
21461
21466
21471
21476
21481
21486
21491
21496
21501
21506
21511
21516
21521
21526
21531
21536
21541
21546
21551
21556
21561
21566
21571
21576
21581
21586
21591
21596
21601
21606
21611
21615
21620
21625
21630
21635
21640
21645
21650
21655
21660
21665
21670
21675
21680
21685
21690
21695
21700
21705
21710
21715
21720
21725
21730
21735
21740
21745
21750
21755
21760
21765
21770
21775
21780
21785
21790
21795
21800
21805
21810
21815
21820
21825
21830
21835
21840
21845
21850
21855
21860
21865
21870
21875
21880
21885
21890
21895
21900
21905
21910
21915
21920
21925
21930
21935
21940
21945
21950
21955
21960
21965
21970
21975
21980
21985
21990
21995
22000
22005
22010
22015
22020
22025
22030
22035
22040
22045
22050
22055
22060
22065
22070
22075
22080
22085
22089
22094
22099
22104
22109
22114
22119
22124
22129
22134
22139
22144
22149
22154
22159
22164
22169
22174
22179
22184
22189
22194
22199
22204
22209
22214
22219
22224
22229
22234
22239
22244
22249
22254
22259
22264
22269
22274
22279
22284
22289
22294
22299
22304
22309
22314
22319
22324
22329
22334
22339
22344
22349
22354
22359
22364
22369
22374
22379
22384
22389
22394
22399
22404
22409
22414
22419
22424
22429
22434
22439
22444
22449
22454
22459
22464
22469
22474
22479
22484
22489
22494
22499
22504
22509
22514
22519
22524
22529
22534
22539
22544
22549
22554
22558
22563
22568
22573
22578
22583
22588
22593
22598
22603
22608
22613
22618
22623
22628
22633
22638
22643
22648
22653
22658
22663
22668
22673
22678
22683
22688
22693
22698
22703
22708
22713
22718
22723
22728
22733
22738
22743
22748
22753
22758
22763
22768
22773
22778
22783
22788
22793
22798
22803
22808
22813
22818
22823
22828
22833
22838
22843
22848
22853
22858
22863
22868
22873
22878
22883
22888
22893
22898
22903
22908
22913
22918
22923
22928
22933
22938
22943
22948
22953
22958
22963
22968
22973
22978
22983
22988
22994
22999
23004
23009
23014
23019
23025
23030
23035
23040
23045
23051
23056
23061
23067
23072
23077
23082
23088
23093
23098
23104
23109
23115
23120
23125
23131
23136
23142
23147
23153
23158
23164
23169
23175
23180
23186
23191
23197
23202
23208
23214
23219
23225
23231
23236
23242
23248
23253
23259
23265
23271
23276
23282
23288
23294
23300
23305
23311
23317
23323
23329
23335
23341
23347
23353
23359
23365
23371
23377
23382
23388
23394
23400
23406
23412
23418
23424
23430
23436
23442
23448
23454
23460
23466
23472
23478
23484
23490
23496
23502
23508
23514
23520
23526
23532
23537
23543
23549
23555
23561
23567
23573
23579
23585
23591
23597
23603
23609
23615
23621
23627
23633
23639
23645
23651
23657
23663
23669
23675
23681
23687
23693
23699
23705
23711
23717
23723
23729
23735
23741
23747
23753
23759
23765
23771
23777
23783
23789
23795
23801
23807
23813
23819
23825
23831
23837
23843
23850
23856
23862
23868
23874
23880
23886
23892
23898
23904
23910
23916
23922
23928
23934
23940
23946
23952
23958
23964
23970
23976
23982
23988
23994
24000
24006
24012
24018
24024
24030
24036
24042
24048
24054
24060
24066
24072
24078
24084
24090
24096
24102
24108
24114
24120
24126
24132
24138
24144
24150
24156
24162
24168
24174
24180
24186
24192
24198
24204
24210
24216
24222
24228
24234
24240
24246
24252
24258
24264
24270
24276
24282
24288
24294
24300
24306
24312
24318
24324
24330
24336
24342
24348
24354
24360
24366
24372
24378
24384
24390
24396
24402
24408
24414
24420
24426
24432
24438
24444
24450
24456
24462
24468
24474
24480
24485
24491
24497
24503
24509
24515
24521
24527
24533
24539
24545
24551
24557
24563
24569
24575
24581
24587
24593
24599
24604
24610
24616
24622
24628
24634
24640
24646
24652
24658
24664
24670
24676
24682
24688
24694
24700
24706
24712
24718
24724
24730
24736
24741
24747
24753
24759
24765
24771
24777
24783
24789
24795
24801
24807
24813
24819
24825
24831
24837
24843
24849
24855
24861
24867
24873
24879
24885
24891
24897
24903
24909
24915
24921
24927
24933
24939
24945
24951
24957
24963
24969
24975
24981
24987
24993
24999
25005
25011
25017
25023
25029
25035
25041
25047
25053
25059
25065
25071
25077
25083
25089
25095
25101
25107
25113
25119
25125
25131
25137
25143
25149
25155
25161
25167
25173
25179
25185
25191
25197
25204
25210
25216
25222
25228
25234
25240
25246
25252
25258
25264
25270
25276
25282
25288
25294
25300
25306
25312
25318
25324
25330
25336
25342
25348
25354
25360
25366
25372
25378
25384
25390
25396
25402
25408
25414
25420
25426
25432
25438
25444
25450
25456
25462
25468
25474
25480
25486
25492
25498
25504
25510
25516
25522
25528
25534
25540
25546
25552
25558
25564
25570
25576
25582
25588
25594
25600
25606
25612
25618
25624
25630
25636
25642
25648
25654
25660
25666
25672
25678
25684
25690
25696
25701
25707
25713
25719
25725
25731
25737
25743
25749
25755
25761
25767
25773
25779
25785
25791
25797
25803
25809
25815
25821
25827
25832
25838
25844
25850
25856
25862
25868
25874
25880
25886
25892
25898
25904
25910
25916
25922
25928
25934
25940
25946
25951
25957
25963
25969
25975
25981
25987
25993
25999
26005
26011
26017
26023
26029
26035
26041
26047
26053
26059
26065
26071
26077
26083
26089
26095
26101
26107
26113
26119
26125
26131
26137
26143
26149
26155
26161
26167
26173
26179
26185
26191
26197
26203
26209
26215
26221
26227
26233
26239
26245
26251
26257
26263
26269
26275
26281
26287
26293
26299
26305
26311
26317
26323
26329
26335
26341
26347
26353
26359
26365
26371
26377
26383
26389
26395
26401
26407
26413
26419
26425
26431
26437
26443
26449
26455
26461
26467
26473
26479
26485
26491
26497
26503
26509
26515
26521
26527
26533
26539
26546
26552
26558
26564
26570
26576
26582
26588
26594
26600
26606
26612
26618
26624
26630
26636
26642
26648
26654
26660
26666
26672
26678
26684
26690
26696
26702
26708
26714
26720
26726
26732
26738
26744
26750
26756
26762
26768
26774
26780
26786
26792
26798
26804
26810
26816
26822
26828
26834
26840
26846
26852
26858
26864
26870
26876
26882
26888
26894
26900
26905
26911
26917
26923
26929
26935
26941
26947
26953
26959
26965
26971
26977
26983
26989
26995
27001
27007
27013
27019
27025
27031
27037
27043
27049
27054
27060
27066
27072
27078
27084
27090
27096
27102
27108
27114
27120
27126
27132
27138
27144
27150
27156
27162
27167
27173
27179
27185
27191
27197
27203
27209
27215
27221
27227
27233
27239
27245
27251
27257
27263
27269
27275
27281
27287
27293
27299
27305
27311
27317
27323
27329
27335
27341
27347
27353
27359
27365
27371
27377
27383
27389
27395
27401
27407
27413
27419
27425
27431
27437
27443
27449
27455
27461
27467
27473
27479
27485
27491
27497
27503
27509
27515
27521
27527
27533
27539
27545
27551
27557
27563
27569
27575
27581
27587
27593
27599
27605
27611
27617
27623
27629
27635
27641
27647
27653
27659
27665
27671
27677
27683
27689
27695
27701
27707
27713
27719
27725
27731
27737
27743
27749
27755
27761
27767
27773
27779
27785
27791
27797
27803
27809
27815
27821
27827
27833
27839
27845
27851
27857
27863
27869
27875
27881
27887
27893
27900
27906
27912
27918
27924
27930
27936
27942
27948
27954
27960
27966
27972
27978
27984
27990
27996
28002
28008
28014
28020
28026
28032
28038
28044
28050
28056
28062
28068
28074
28080
28086
28091
28097
28103
28109
28115
28121
28127
28133
28139
28145
28151
28157
28163
28169
28175
28181
28187
28193
28199
28205
28211
28217
28223
28229
28235
28241
28247
28253
28259
28265
28271
28276
28282
28288
28294
28300
28306
28312
28318
28324
28330
28336
28342
28348
28354
28360
28366
28372
28378
28384
28389
28395
28401
28407
28413
28419
28425
28431
28437
28443
28449
28455
28461
28467
28473
28479
28485
28491
28497
28503
28509
28515
28521
28527
28533
28539
28545
28551
28557
28562
28568
28574
28580
28586
28592
28598
28604
28610
28616
28622
28628
28634
28640
28646
28652
28658
28664
28670
28676
28682
28688
28694
28700
28706
28712
28718
28724
28730
28736
28742
28748
28754
28760
28766
28772
28778
28784
28790
28796
28802
28809
28815
28821
28827
28833
28839
28845
28851
28857
28863
28869
28875
28881
28887
28893
28899
28905
28911
28917
28923
28929
28935
28941
28947
28953
28959
28965
28971
28977
28983
28989
28995
29001
29007
29013
29019
29025
29031
29037
29043
29049
29055
29061
29067
29073
29079
29085
29091
29097
29103
29109
29115
29121
29127
29133
29139
29145
29151
29157
29163
29169
29175
29181
29187
29193
29199
29205
29211
29217
29223
29229
29235
29241
29247
29253
29259
29265
29271
29277
29283
29289
29295
29301
29307
29313
29319
29325
29331
29337
29343
29349
29355
29361
29367
29373
29379
29385
29391
29397
29403
29409
29415
29421
29427
29433
29439
29445
29451
29457
29463
29469
29475
29481
29487
29493
29498
29504
29510
29516
29522
29528
29534
29540
29546
29552
29558
29564
29570
29576
29582
29588
29594
29600
29606
29611
29617
29623
29629
29635
29641
29647
29653
29659
29665
29671
29677
29683
29689
29695
29701
29707
29713
29719
29725
29731
29737
29743
29749
29754
29760
29766
29772
29778
29784
29790
29796
29802
29808
29814
29820
29826
29832
29838
29844
29850
29856
29862
29868
29874
29880
29886
29892
29898
29904
29910
29916
29922
29928
29934
29940
29946
29952
29958
29964
29970
29976
29982
29988
29994
30000
30006
30012
30018
30024
30030
30036
30042
30048
30054
30060
30066
30072
30078
30084
30090
30096
30102
30108
30114
30120
30126
30132
30138
30144
30150
30156
30163
30169
30175
30181
30187
30193
30199
30205
30211
30217
30223
30229
30235
30241
30247
30253
30259
30265
30271
30277
30283
30289
30295
30301
30307
30313
30319
30325
30331
30337
30343
30349
30355
30361
30367
30373
30379
30385
30391
30397
30403
30409
30415
30421
30427
30433
30439
30445
30451
30457
30463
30469
30475
30481
30487
30493
30499
30505
30511
30517
30523
30529
30535
30541
30547
30553
30559
30565
30571
30577
30583
30589
30595
30601
30607
30613
30619
30625
30631
30637
30643
30649
30655
30661
30667
30673
30679
30685
30691
30697
30703
30709
30714
30720
30726
30732
30738
30744
30750
30756
30762
30768
30774
30780
30786
30792
30798
30804
30810
30816
30822
30828
30834
30839
30845
30851
30857
30863
30869
30875
30881
30887
30893
30899
30905
30911
30917
30923
30929
30935
30941
30947
30953
30959
30964
30970
30976
30982
30988
30994
31000
31006
31012
31018
31024
31030
31036
31042
31048
31054
31060
31066
31072
31078
31084
31090
31096
31102
31108
31114
31120
31126
31132
31138
31144
31150
31156
31162
31168
31174
31180
31186
31192
31198
31204
31210
31216
31222
31228
31234
31240
31246
31252
31258
31264
31270
31276
31282
31288
31294
31300
31306
31312
31318
31324
31330
31336
31342
31348
31354
31360
31366
31372
31378
31384
31390
31396
31402
31408
31414
31420
31426
31432
31438
31444
31450
31456
31462
31468
31474
31480
31486
31492
31498
31504
31510
31517
31523
31529
31535
31541
31547
31553
31559
31565
31571
31577
31583
31589
31595
31601
31607
31613
31619
31625
31631
31637
31643
31649
31655
31661
31667
31673
31679
31685
31691
31697
31703
31709
31715
31721
31727
31733
31739
31745
31751
31757
31763
31769
31775
31781
31787
31793
31799
31805
31811
31817
31823
31829
31835
31841
31847
31853
31859
31865
31871
31877
31883
31889
31895
31901
31907
31913
31919
31924
31930
31936
31942
31948
31954
31960
31966
31972
31978
31984
31990
31996
32002
32008
32014
32020
32026
32032
32038
32044
32050
32056
32062
32067
32073
32079
32085
32091
32097
32103
32109
32115
32121
32127
32133
32139
32145
32151
32157
32163
32169
32175
32180
32186
32192
32198
32204
32210
32216
32222
32228
32234
32240
32246
32252
32258
32264
32270
32276
32282
32288
32294
32300
32306
32312
32318
32324
32330
32336
32342
32348
32354
32360
32366
32372
32378
32384
32390
32396
32402
32408
32414
32420
32426
32432
32438
32444
32450
32456
32462
32468
32474
32480
32486
32492
32498
32504
32510
32516
32522
32528
32534
32540
32546
32552
32558
32564
32570
32576
32582
32588
32594
32600
32606
32612
32618
32624
32630
32636
32642
32648
32654
32660
32666
32672
32678
32684
32690
32696
32702
32708
32714
32720
32726
32732
32738
32744
32750
32756
32762
32768
32774
32780
32786
32792
32798
32804
32810
32816
32822
32828
32834
32840
32846
32852
32858
32864
32871
32877
32883
32889
32895
32901
32907
32913
32919
32925
32931
32937
32943
32949
32955
32961
32967
32973
32979
32985
32991
32997
33003
33009
33015
33021
33027
33033
33039
33045
33051
33057
33063
33069
33075
33081
33087
33093
33099
33105
33111
33117
33122
33128
33134
33140
33146
33152
33158
33164
33170
33176
33182
33188
33194
33200
33206
33212
33218
33224
33230
33236
33242
33248
33254
33260
33266
33272
33278
33284
33289
33295
33301
33307
33313
33319
33325
33331
33337
33343
33349
33355
33361
33367
33373
33379
33385
33391
33397
33402
33408
33414
33420
33426
33432
33438
33444
33450
33456
33462
33468
33474
33480
33486
33492
33498
33504
33510
33516
33522
33528
33534
33540
33546
33552
33558
33564
33570
33576
33582
33587
33593
33599
33605
33611
33617
33623
33629
33635
33641
33647
33653
33659
33665
33671
33677
33683
33689
33695
33701
33707
33713
33719
33725
33731
33737
33743
33749
33755
33761
33767
33773
33780
33786
33792
33798
33804
33810
33816
33822
33828
33834
33840
33846
33852
33858
33864
33870
33876
33882
33888
33894
33900
33906
33912
33918
33924
33930
33936
33942
33948
33954
33960
33966
33972
33978
33984
33990
33996
34002
34008
34014
34020
34026
34032
34038
34044
34050
34056
34062
34068
34074
34080
34086
34092
34098
34104
34110
34116
34122
34128
34134
34140
34146
34152
34158
34164
34170
34176
34182
34188
34194
34200
34206
34212
34218
34224
34230
34236
34242
34248
34254
34260
34266
34272
34278
34284
34290
34296
34302
34308
34314
34320
34326
34332
34338
34344
34350
34356
34362
34368
34374
34380
34386
34392
34398
34404
34410
34416
34422
34428
34434
34440
34446
34452
34458
34464
34470
34476
34482
34488
34494
34500
34506
34511
34517
34523
34529
34535
34541
34547
34553
34559
34565
34571
34577
34583
34589
34595
34601
34607
34613
34619
34624
34630
34636
34642
34648
34654
34660
34666
34672
34678
34684
34690
34696
34702
34708
34714
34720
34726
34732
34738
34744
34750
34756
34762
34768
34773
34779
34785
34791
34797
34803
34809
34815
34821
34827
34833
34839
34845
34851
34857
34863
34869
34875
34881
34887
34893
34899
34905
34911
34917
34923
34929
34935
34941
34947
34953
34959
34965
34971
34977
34983
34989
34995
35001
35007
35013
35019
35025
35031
35037
35043
35049
35055
35061
35067
35073
35079
35085
35091
35097
35103
35109
35115
35121
35127
35134
35140
35146
35152
35158
35164
35170
35176
35182
35188
35194
35200
35206
35212
35218
35224
35230
35236
35242
35248
35254
35260
35266
35272
35278
35284
35290
35296
35302
35308
35314
35320
35326
35332
35338
35344
35350
35356
35362
35368
35374
35380
35386
35392
35398
35404
35410
35416
35422
35428
35434
35440
35446
35452
35458
35464
35470
35476
35482
35488
35494
35500
35506
35512
35518
35524
35530
35536
35542
35548
35554
35560
35566
35572
35578
35584
35590
35596
35602
35608
35614
35620
35626
35632
35638
35644
35650
35656
35662
35668
35674
35680
35686
35692
35698
35704
35710
35716
35722
35727
35733
35739
35745
35751
35757
35763
35769
35775
35781
35787
35793
35799
35805
35811
35817
35823
35829
35835
35841
35846
35852
35858
35864
35870
35876
35882
35888
35894
35900
35906
35912
35918
35924
35930
35936
35942
35948
35954
35960
35966
35972
35977
35983
35989
35995
36001
36007
36013
36019
36025
36031
36037
36043
36049
36055
36061
36067
36073
36079
36085
36091
36097
36103
36109
36115
36121
36127
36133
36139
36145
36151
36157
36163
36169
36175
36181
36187
36193
36199
36205
36211
36217
36223
36229
36235
36241
36247
36253
36259
36265
36271
36277
36283
36289
36295
36301
36307
36313
36319
36325
36331
36337
36343
36349
36355
36361
36367
36373
36379
36385
36391
36397
36403
36409
36415
36421
36427
36433
36439
36445
36451
36457
36463
36469
36476
36482
36488
36494
36500
36506
36512
36518
36524
36530
36536
36542
36548
36554
36560
36566
36572
36578
36584
36590
36596
36602
36608
36614
36620
36626
36632
36638
36644
36650
36656
36662
36668
36674
36680
36686
36692
36698
36704
36710
36716
36722
36728
36734
36740
36746
36752
36758
36764
36770
36776
36782
36788
36794
36800
36806
36812
36818
36824
36830
36836
36842
36848
36854
36860
36866
36872
36878
36884
36890
36896
36902
36908
36914
36920
36926
36932
36937
36943
36949
36955
36961
36967
36973
36979
36985
36991
36997
37003
37009
37015
37021
37027
37033
37039
37045
37051
37057
37063
37069
37074
37080
37086
37092
37098
37104
37110
37116
37122
37128
37134
37140
37146
37152
37158
37164
37170
37176
37182
37188
37193
37199
37205
37211
37217
37223
37229
37235
37241
37247
37253
37259
37265
37271
37277
37283
37289
37295
37301
37307
37313
37319
37325
37331
37337
37343
37349
37355
37361
37367
37373
37379
37385
37391
37397
37403
37409
37415
37421
37427
37433
37439
37445
37451
37457
37463
37469
37475
37481
37487
37493
37499
37505
37511
37517
37523
37529
37535
37541
37547
37553
37559
37565
37571
37577
37583
37589
37595
37601
37607
37613
37619
37625
37631
37637
37643
37649
37655
37661
37667
37673
37679
37685
37691
37697
37703
37709
37715
37721
37727
37733
37739
37745
37751
37757
37763
37769
37775
37781
37787
37793
37799
37805
37811
37817
37823
37830
37836
37842
37848
37854
37860
37866
37872
37878
37884
37890
37896
37902
37908
37914
37920
37926
37932
37938
37944
37950
37956
37962
37968
37974
37980
37987
37993
37999
38005
38011
38017
38024
38030
38036
38042
38049
38055
38061
38067
38074
38080
38086
38093
38099
38106
38112
38118
38125
38131
38138
38144
38151
38157
38164
38170
38177
38183
38190
38196
38203
38210
38216
38223
38229
38236
38243
38249
38256
38263
38270
38276
38283
38290
38297
38304
38310
38317
38324
38331
38338
38345
38352
38359
38366
38373
38380
38387
38393
38400
38407
38414
38421
38428
38435
38442
38449
38456
38463
38470
38477
38484
38491
38498
38505
38512
38518
38525
38532
38539
38546
38553
38560
38567
38574
38581
38588
38595
38602
38609
38616
38623
38630
38637
38644
38651
38658
38665
38672
38679
38686
38693
38700
38707
38714
38721
38728
38735
38742
38749
38756
38763
38770
38777
38784
38791
38798
38805
38812
38819
38826
38833
38840
38847
38854
38861
38868
38875
38882
38889
38896
38903
38910
38917
38924
38931
38938
38945
38952
38959
38966
38973
38980
38987
38994
39001
39008
39014
39021
39028
39035
39042
39049
39056
39063
39070
39077
39084
39091
39098
39105
39112
39119
39126
39132
39139
39146
39153
39160
39167
39174
39181
39188
39195
39202
39209
39216
39222
39229
39236
39243
39250
39257
39264
39271
39278
39285
39292
39299
39306
39313
39320
39327
39334
39341
39347
39354
39361
39368
39375
39382
39389
39396
39403
39410
39417
39424
39431
39438
39445
39452
39459
39466
39473
39480
39487
39494
39501
39508
39515
39522
39529
39536
39543
39550
39557
39564
39571
39578
39585
39592
39599
39606
39613
39620
39627
39634
39641
39648
39655
39662
39669
39676
39683
39690
39697
39704
39711
39718
39725
39732
39739
39746
39753
39760
39767
39774
39781
39788
39795
39802
39809
39816
39823
39830
39837
39844
39850
39857
39864
39871
39878
39885
39892
39899
39906
39913
39920
39927
39934
39941
39948
39955
39962
39968
39975
39982
39989
39996
40003
40010
40017
40024
40031
40038
40045
40052
40058
40065
40072
40079
40086
40093
40100
40107
40114
40121
40128
40135
40142
40149
40156
40163
40170
40177
40183
40190
40197
40204
40211
40218
40225
40232
40239
40246
40253
40260
40267
40274
40281
40288
40295
40302
40309
40316
40323
40330
40337
40344
40351
40358
40365
40372
40379
40386
40393
40400
40407
40414
40421
40428
40435
40442
40449
40456
40463
40470
40477
40484
40491
40498
40505
40512
40519
40526
40533
40540
40547
40554
40561
40568
40575
40582
40589
40596
40603
40610
40617
40625
40632
40639
40646
40653
40660
40667
40674
40681
40688
40695
40702
40709
40716
40723
40730
40737
40744
40751
40758
40765
40772
40779
40786
40793
40800
40807
40814
40821
40828
40835
40842
40849
40856
40863
40870
40877
40884
40891
40898
40905
40912
40919
40926
40933
40940
40947
40954
40961
40968
40975
40982
40989
40996
41003
41010
41017
41024
41031
41038
41045
41052
41059
41066
41073
41080
41087
41093
41100
41107
41114
41121
41128
41135
41142
41149
41156
41163
41170
41177
41184
41191
41198
41205
41211
41218
41225
41232
41239
41246
41253
41260
41267
41274
41281
41288
41295
41301
41308
41315
41322
41329
41336
41343
41350
41357
41364
41371
41378
41385
41392
41399
41406
41413
41420
41426
41433
41440
41447
41454
41461
41468
41475
41482
41489
41496
41503
41510
41517
41524
41531
41538
41545
41552
41559
41566
41573
41580
41587
41594
41601
41608
41615
41622
41629
41636
41643
41650
41657
41664
41671
41678
41685
41692
41699
41706
41713
41720
41727
41734
41741
41748
41755
41762
41769
41776
41783
41790
41797
41804
41811
41818
41825
41832
41839
41846
41853
41860
41867
41874
41881
41888
41895
41902
41909
41916
41922
41929
41936
41943
41950
41957
41964
41971
41978
41985
41992
41999
42006
42013
42020
42027
42034
42041
42047
42054
42061
42068
42075
42082
42089
42096
42103
42110
42117
42124
42131
42137
42144
42151
42158
42165
42172
42179
42186
42193
42200
42207
42214
42221
42228
42235
42242
42249
42255
42262
42269
42276
42283
42290
42297
42304
42311
42318
42325
42332
42339
42346
42353
42360
42367
42374
42381
42388
42395
42402
42409
42416
42423
42430
42437
42444
42451
42458
42465
42472
42479
42486
42493
42500
42507
42514
42521
42528
42535
42542
42549
42556
42563
42570
42577
42584
42591
42598
42605
42612
42619
42626
42633
42640
42647
42654
42661
42668
42675
42682
42689
42696
42703
42710
42717
42724
42731
42738
42745
42752
42758
42765
42772
42779
42786
42793
42800
42807
42814
42821
42828
42835
42842
42849
42856
42863
42870
42877
42883
42890
42897
42904
42911
42918
42925
42932
42939
42946
42953
42960
42967
42973
42980
42987
42994
43001
43008
43015
43022
43029
43036
43043
43050
43057
43064
43071
43078
43085
43091
43098
43105
43112
43119
43126
43133
43140
43147
43154
43161
43168
43175
43182
43189
43196
43203
43210
43217
43224
43231
43238
43245
43252
43259
43266
43273
43280
43287
43294
43301
43308
43315
43322
43329
43336
43343
43350
43357
43364
43371
43378
43385
43392
43399
43406
43413
43420
43427
43434
43441
43448
43455
43462
43469
43476
43483
43490
43497
43504
43511
43518
43525
43532
43539
43546
43553
43560
43568
43575
43582
43589
43596
43603
43610
43617
43624
43631
43638
43645
43652
43659
43666
43673
43680
43687
43694
43701
43708
43715
43722
43729
43736
43743
43750
43757
43764
43771
43778
43785
43792
43799
43806
43813
43820
43827
43834
43841
43848
43855
43862
43869
43876
43883
43890
43897
43904
43911
43918
43925
43932
43939
43946
43953
43960
43967
43974
43981
43988
43995
44001
44008
44015
44022
44029
44036
44043
44050
44057
44064
44071
44078
44085
44092
44099
44106
44113
44120
44126
44133
44140
44147
44154
44161
44168
44175
44182
44189
44196
44203
44210
44216
44223
44230
44237
44244
44251
44258
44265
44272
44279
44286
44293
44300
44307
44314
44321
44328
44334
44341
44348
44355
44362
44369
44376
44383
44390
44397
44404
44411
44418
44425
44432
44439
44446
44453
44460
44467
44474
44481
44488
44495
44502
44509
44516
44523
44530
44537
44544
44551
44558
44565
44572
44579
44586
44593
44600
44607
44614
44621
44628
44635
44642
44649
44656
44663
44670
44677
44684
44691
44698
44705
44712
44719
44726
44733
44740
44747
44754
44761
44768
44775
44782
44789
44796
44803
44810
44817
44824
44830
44837
44844
44851
44858
44865
44872
44879
44886
44893
44900
44907
44914
44921
44928
44935
44942
44949
44955
44962
44969
44976
44983
44990
44997
45004
45011
45018
45025
45032
45039
45046
45052
45059
45066
45073
45080
45087
45094
45101
45108
45115
45122
45129
45136
45143
45150
45157
45163
45170
45177
45184
45191
45198
45205
45212
45219
45226
45233
45240
45247
45254
45261
45268
45275
45282
45289
45296
45303
45310
45317
45324
45331
45338
45345
45352
45359
45366
45373
45380
45387
45394
45401
45408
45415
45422
45429
45436
45443
45450
45457
45464
45471
45478
45485
45492
45499
45506
45513
45520
45527
45534
45541
45548
45555
45562
45569
45576
45583
45590
45597
45604
45611
45618
45625
45632
45639
45646
45653
45660
45666
45673
45680
45687
45694
45701
45708
45715
45722
45729
45736
45743
45750
45757
45764
45771
45778
45785
45791
45798
45805
45812
45819
45826
45833
45840
45847
45854
45861
45868
45875
45881
45888
45895
45902
45909
45916
45923
45930
45937
45944
45951
45958
45965
45972
45979
45986
45993
45999
46006
46013
46020
46027
46034
46041
46048
46055
46062
46069
46076
46083
46090
46097
46104
46111
46118
46125
46132
46139
46146
46153
46160
46167
46174
46181
46188
46195
46202
46209
46216
46223
46230
46237
46244
46251
46258
46265
46272
46279
46286
46293
46300
46307
46314
46321
46328
46335
46342
46349
46356
46363
46370
46377
46384
46391
46398
46405
46412
46419
46426
46433
46440
46447
46454
46461
46468
46475
46482
46489
46496
46504
46511
46518
46525
46532
46539
46546
46553
46560
46567
46574
46581
46588
46595
46602
46609
46616
46623
46630
46637
46644
46651
46658
46665
46672
46679
46686
46693
46700
46707
46714
46721
46728
46735
46742
46749
46756
46763
46770
46777
46784
46791
46798
46805
46812
46819
46826
46833
46840
46847
46854
46861
46868
46875
46882
46889
46896
46902
46909
46916
46923
46930
46937
46944
46951
46958
46965
46972
46979
46986
46993
47000
47007
47014
47021
47028
47034
47041
47048
47055
47062
47069
47076
47083
47090
47097
47104
47111
47118
47124
47131
47138
47145
47152
47159
47166
47173
47180
47187
47194
47201
47208
47215
47222
47229
47235
47242
47249
47256
47263
47270
47277
47284
47291
47298
47305
47312
47319
47326
47333
47340
47347
47354
47361
47368
47375
47382
47389
47396
47403
47410
47417
47424
47431
47438
47445
47452
47459
47466
47473
47480
47487
47494
47501
47508
47515
47522
47529
47536
47543
47550
47557
47564
47571
47578
47585
47592
47599
47606
47613
47620
47627
47634
47641
47648
47655
47662
47669
47676
47683
47690
47697
47704
47711
47718
47725
47732
47738
47745
47752
47759
47766
47773
47780
47787
47794
47801
47808
47815
47822
47829
47836
47843
47850
47857
47864
47870
47877
47884
47891
47898
47905
47912
47919
47926
47933
47940
47947
47954
47960
47967
47974
47981
47988
47995
48002
48009
48016
48023
48030
48037
48044
48051
48058
48065
48071
48078
48085
48092
48099
48106
48113
48120
48127
48134
48141
48148
48155
48162
48169
48176
48183
48190
48197
48204
48211
48218
48225
48232
48239
48246
48253
48260
48267
48274
48281
48288
48295
48302
48309
48316
48323
48330
48337
48344
48351
48358
48365
48372
48379
48386
48393
48400
48407
48414
48421
48428
48435
48442
48449
48456
48463
48470
48477
48484
48491
48498
48505
48512
48519
48526
48533
48540
48547
48554
48561
48568
48574
48581
48588
48595
48602
48609
48616
48623
48630
48637
48644
48651
48658
48665
48672
48679
48686
48693
48699
48706
48713
48720
48727
48734
48741
48748
48755
48762
48769
48776
48783
48789
48796
48803
48810
48817
48824
48831
48838
48845
48852
48859
48866
48873
48880
48887
48894
48901
48907
48914
48921
48928
48935
48942
48949
48956
48963
48970
48977
48984
48991
48998
49005
49012
49019
49026
49033
49040
49047
49054
49061
49068
49075
49082
49089
49096
49103
49110
49117
49124
49131
49138
49145
49152
49159
49166
49173
49180
49187
49194
49201
49208
49215
49222
49229
49236
49243
49250
49257
49264
49271
49278
49285
49292
49299
49306
49313
49320
49327
49334
49341
49348
49355
49362
49369
49376
49383
49390
49397
49404
49411
49418
49425
49432
49439
49446
49454
49461
49468
49475
49482
49489
49496
49503
49510
49517
49524
49531
49538
49545
49552
49559
49566
49573
49580
49587
49594
49601
49608
49615
49622
49629
49636
49643
49650
49657
49664
49671
49678
49685
49692
49699
49706
49713
49720
49727
49734
49741
49748
49755
49762
49769
49776
49783
49790
49797
49804
49811
49818
49825
49832
49839
49846
49853
49860
49867
49874
49881
49888
49896
49903
49910
49917
49924
49931
49938
49945
49952
49959
49966
49973
49980
49987
49994
