11
23
35
47
59
71
83
95
106
118
130
142
154
166
178
190
201
213
225
237
249
261
273
285
296
308
320
332
344
356
368
380
391
403
415
427
439
451
463
475
487
498
510
522
534
546
558
570
582
594
606
618
630
642
654
667
679
691
703
715
727
739
751
763
775
788
800
812
824
836
849
861
873
885
897
909
922
934
946
958
970
982
994
1006
1018
1030
1042
1054
1066
1078
1090
1102
1114
1126
1138
1150
1162
1174
1186
1198
1210
1222
1234
1246
1257
1269
1281
1293
1305
1317
1329
1341
1352
1364
1376
1388
1400
1412
1424
1436
1447
1459
1471
1483
1495
1507
1519
1531
1542
1554
1566
1578
1590
1602
1614
1626
1637
1649
1661
1673
1685
1697
1709
1721
1733
1745
1756
1768
1780
1792
1804
1816
1828
1840
1852
1864
1876
1888
1900
1913
1925
1937
1949
1961
1973
1985
1997
2009
2021
2034
2046
2058
2070
2082
2095
2107
2119
2131
2143
2155
2168
2180
2192
2204
2216
2228
2240
2252
2264
2276
2288
2300
2312
2324
2336
2348
2360
2372
2384
2396
2408
2420
2432
2444
2456
2468
2480
2492
2504
2515
2527
2539
2551
2563
2575
2587
2599
2610
2622
2634
2646
2658
2670
2682
2694
2705
2717
2729
2741
2753
2765
2777
2789
2800
2812
2824
2836
2848
2860
2872
2884
2895
2907
2919
2931
2943
2955
2967
2979
2991
3003
3015
3026
3038
3050
3062
3074
3086
3098
3110
3122
3134
3146
3159
3171
3183
3195
3207
3219
3231
3243
3255
3267
3280
3292
3304
3316
3328
3341
3353
3365
3377
3389
3401
3414
3426
3438
3450
3462
3474
3486
3498
3510
3522
3534
3546
3558
3570
3582
3594
3606
3618
3630
3642
3654
3666
3678
3690
3702
3714
3726
3738
3750
3762
3773
3785
3797
3809
3821
3833
3845
3857
3868
3880
3892
3904
3916
3928
3940
3952
3963
3975
3987
3999
4011
4023
4035
4047
4058
4070
4082
4094
4106
4118
4130
4142
4153
4165
4177
4189
4201
4213
4225
4237
4249
4261
4273
4284
4296
4308
4320
4332
4344
4356
4368
4380
4393
4405
4417
4429
4441
4453
4465
4477
4489
4501
4513
4526
4538
4550
4562
4574
4586
4599
4611
4623
4635
4647
4659
4672
4684
4696
4708
4720
4732
4744
4756
4768
4780
4792
4804
4817
4829
4841
4853
4865
4876
4888
4900
4912
4924
4936
4948
4960
4972
4984
4996
5008
5020
5031
5043
5055
5067
5079
5091
5103
5115
5126
5138
5150
5162
5174
5186
5198
5210
5221
5233
5245
5257
5269
5281
5293
5305
5316
5328
5340
5352
5364
5376
5388
5400
5411
5423
5435
5447
5459
5471
5483
5495
5507
5519
5531
5543
5554
5566
5578
5590
5602
5614
5627
5639
5651
5663
5675
5687
5699
5711
5723
5735
5747
5759
5772
5784
5796
5808
5820
5832
5845
5857
5869
5881
5893
5905
5918
5930
5942
5954
5966
5978
5990
6002
6014
6026
6038
6051
6063
6075
6087
6099
6111
6123
6135
6146
6158
6170
6182
6194
6206
6218
6230
6242
6254
6266
6277
6289
6301
6313
6325
6337
6349
6361
6372
6384
6396
6408
6420
6432
6444
6456
6467
6479
6491
6503
6515
6527
6539
6551
6562
6574
6586
6598
6610
6622
6634
6646
6657
6669
6681
6693
6705
6717
6729
6741
6753
6765
6777
6789
6801
6813
6825
6837
6849
6861
6873
6885
6897
6909
6921
6933
6945
6957
6969
6981
6993
7005
7018
7030
7042
7054
7066
7078
7091
7103
7115
7127
7139
7152
7164
7176
7188
7200
7212
7224
7236
7248
7260
7272
7285
7297
7309
7321
7333
7345
7357
7369
7381
7393
7404
7416
7428
7440
7452
7464
7476
7488
7500
7512
7524
7535
7547
7559
7571
7583
7595
7607
7619
7630
7642
7654
7666
7678
7690
7702
7714
7725
7737
7749
7761
7773
7785
7797
7809
7820
7832
7844
7856
7868
7880
7892
7904
7915
7927
7939
7951
7963
7975
7987
7999
8011
8023
8035
8047
8059
8071
8083
8095
8107
8119
8131
8143
8155
8167
8179
8191
8203
8215
8227
8239
8251
8264
8276
8288
8300
8312
8324
8337
8349
8361
8373
8385
8398
8410
8422
8434
8446
8458
8470
8482
8494
8506
8519
8531
8543
8555
8567
8579
8591
8603
8615
8627
8639
8651
8662
8674
8686
8698
8710
8722
8734
8746
8758
8770
8781
8793
8805
8817
8829
8841
8853
8865
8876
8888
8900
8912
8924
8936
8948
8960
8971
8983
8995
9007
9019
9031
9043
9055
9066
9078
9090
9102
9114
9126
9138
9150
9161
9173
9185
9197
9209
9221
9233
9245
9257
9269
9281
9293
9305
9317
9329
9341
9353
9365
9377
9389
9401
9413
9425
9437
9449
9461
9473
9485
9497
9510
9522
9534
9546
9558
9570
9583
9595
9607
9619
9631
9643
9656
9668
9680
9692
9704
9716
9728
9740
9752
9765
9777
9789
9801
9813
9825
9837
9849
9861
9873
9885
9897
9909
9920
9932
9944
9956
9968
9980
9992
10004
10016
10028
10039
10051
10063
10075
10087
10099
10111
10123
10134
10146
10158
10170
10182
10194
10206
10218
10229
10241
10253
10265
10277
10289
10301
10313
10324
10336
10348
10360
10372
10384
10396
10408
10419
10431
10443
10455
10467
10479
10491
10503
10515
10527
10539
10551
10563
10575
10587
10599
10611
10623
10635
10647
10659
10671
10683
10695
10707
10719
10731
10743
10756
10768
10780
10792
10804
10816
10829
10841
10853
10865
10877
10889
10902
10914
10926
10938
10950
10962
10974
10986
10998
11011
11023
11035
11047
11059
11071
11083
11095
11107
11119
11131
11143
11155
11167
11178
11190
11202
11214
11226
11238
11250
11262
11274
11286
11297
11309
11321
11333
11345
11357
11369
11381
11392
11404
11416
11428
11440
11452
11464
11476
11487
11499
11511
11523
11535
11547
11559
11571
11582
11594
11606
11618
11630
11642
11654
11666
11677
11689
11701
11713
11725
11737
11749
11761
11773
11785
11797
11809
11821
11833
11845
11857
11869
11881
11893
11905
11917
11929
11941
11953
11965
11977
11989
12002
12014
12026
12038
12050
12062
12075
12087
12099
12111
12123
12135
12148
12160
12172
12184
12196
12208
12220
12232
12245
12257
12269
12281
12293
12305
12317
12329
12341
12353
12365
12377
12389
12401
12413
12425
12437
12448
12460
12472
12484
12496
12508
12520
12532
12544
12555
12567
12579
12591
12603
12615
12627
12639
12650
12662
12674
12686
12698
12710
12722
12734
12745
12757
12769
12781
12793
12805
12817
12829
12840
12852
12864
12876
12888
12900
12912
12924
12935
12947
12959
12971
12983
12995
13007
13019
13031
13043
13055
13067
13079
13091
13103
13115
13127
13139
13151
13163
13175
13187
13199
13211
13223
13235
13248
13260
13272
13284
13296
13308
13321
13333
13345
13357
13369
13381
13394
13406
13418
13430
13442
13454
13466
13478
13491
13503
13515
13527
13539
13551
13563
13575
13587
13599
13611
13623
13635
13647
13659
13671
13683
13695
13706
13718
13730
13742
13754
13766
13778
13790
13801
13813
13825
13837
13849
13861
13873
13885
13896
13908
13920
13932
13944
13956
13968
13980
13992
14003
14015
14027
14039
14051
14063
14075
14087
14098
14110
14122
14134
14146
14158
14170
14182
14193
14205
14217
14229
14241
14253
14265
14277
14289
14301
14313
14325
14337
14349
14361
14373
14385
14397
14409
14421
14433
14445
14457
14469
14481
14494
14506
14518
14530
14542
14554
14567
14579
14591
14603
14615
14627
14640
14652
14664
14676
14688
14700
14712
14724
14737
14749
14761
14773
14785
14797
14809
14821
14833
14845
14857
14869
14881
14893
14905
14917
14929
14941
14952
14964
14976
14988
15000
15012
15024
15036
15048
15059
15071
15083
15095
15107
15119
15131
15143
15154
15166
15178
15190
15202
15214
15226
15238
15249
15261
15273
15285
15297
15309
15321
15333
15344
15356
15368
15380
15392
15404
15416
15428
15439
15451
15463
15475
15487
15499
15511
15523
15535
15547
15559
15571
15583
15595
15607
15619
15631
15643
15655
15667
15679
15691
15703
15715
15727
15740
15752
15764
15776
15788
15800
15812
15825
15837
15849
15861
15873
15886
15898
15910
15922
15934
15946
15958
15970
15983
15995
16007
16019
16031
16043
16055
16067
16079
16091
16103
16115
16127
16139
16151
16163
16175
16187
16199
16210
16222
16234
16246
16258
16270
16282
16294
16306
16317
16329
16341
16353
16365
16377
16389
16401
16412
16424
16436
16448
16460
16472
16484
16496
16507
16519
16531
16543
16555
16567
16579
16591
16602
16614
16626
16638
16650
16662
16674
16686
16697
16709
16721
16733
16745
16757
16769
16781
16793
16805
16817
16829
16841
16853
16865
16877
16889
16901
16913
16925
16937
16949
16961
16973
16986
16998
17010
17022
17034
17046
17058
17071
17083
17095
17107
17119
17132
17144
17156
17168
17180
17192
17204
17216
17229
17241
17253
17265
17277
17289
17301
17313
17325
17337
17349
17361
17373
17385
17397
17409
17421
17433
17445
17457
17468
17480
17492
17504
17516
17528
17540
17552
17564
17575
17587
17599
17611
17623
17635
17647
17659
17670
17682
17694
17706
17718
17730
17742
17754
17765
17777
17789
17801
17813
17825
17837
17849
17860
17872
17884
17896
17908
17920
17932
17944
17956
17967
17979
17991
18003
18016
18028
18040
18052
18064
18076
18088
18101
18113
18125
18138
18150
18162
18175
18187
18200
18212
18225
18237
18250
18262
18275
18288
18300
18313
18326
18339
18351
18364
18377
18390
18403
18416
18429
18441
18454
18467
18480
18493
18506
18519
18532
18545
18558
18571
18584
18597
18610
18623
18636
18649
18662
18675
18688
18701
18714
18727
18740
18753
18766
18779
18792
18805
18818
18831
18844
18857
18870
18883
18896
18909
18922
18935
18948
18961
18974
18987
19000
19013
19026
19039
19052
19065
19077
19090
19103
19116
19129
19142
19155
19167
19180
19193
19206
19219
19231
19244
19257
19270
19283
19296
19309
19322
19335
19347
19360
19373
19386
19399
19412
19425
19438
19451
19464
19477
19490
19503
19516
19529
19542
19555
19568
19582
19595
19608
19621
19634
19647
19660
19673
19686
19699
19712
19725
19738
19751
19764
19777
19790
19803
19816
19829
19842
19855
19867
19880
19893
19906
19919
19932
19945
19958
19970
19983
19996
20009
20022
20034
20047
20060
20073
20086
20099
20112
20124
20137
20150
20163
20176
20189
20202
20215
20228
20241
20254
20267
20280
20293
20306
20319
20332
20345
20358
20371
20384
20397
20410
20423
20436
20449
20462
20475
20488
20502
20515
20528
20541
20554
20567
20580
20593
20606
20618
20631
20644
20657
20670
20683
20696
20709
20722
20735
20748
20760
20773
20786
20799
20812
20825
20837
20850
20863
20876
20889
20902
20914
20927
20940
20953
20966
20979
20992
21005
21018
21031
21044
21056
21069
21082
21095
21108
21121
21134
21147
21160
21173
21186
21200
21213
21226
21239
21252
21265
21278
21291
21304
21317
21330
21343
21356
21369
21382
21395
21408
21421
21434
21447
21460
21473
21486
21499
21512
21525
21538
21551
21563
21576
21589
21602
21615
21628
21641
21653
21666
21679
21692
21705
21717
21730
21743
21756
21769
21782
21795
21808
21820
21833
21846
21859
21872
21885
21898
21911
21924
21937
21950
21963
21976
21989
22002
22015
22028
22041
22054
22067
22080
22093
22107
22120
22133
22146
22159
22172
22185
22198
22211
22224
22237
22250
22263
22276
22289
22302
22315
22328
22340
22353
22366
22379
22392
22405
22418
22431
22444
22456
22469
22482
22495
22508
22520
22533
22546
22559
22572
22585
22598
22610
22623
22636
22649
22662
22675
22688
22701
22714
22727
22740
22753
22766
22779
22792
22805
22818
22831
22844
22857
22870
22883
22896
22909
22922
22935
22948
22961
22974
22987
23001
23014
23027
23040
23053
23066
23079
23092
23105
23118
23131
23145
23158
23171
23184
23197
23210
23223
23236
23249
23262
23275
23289
23302
23315
23328
23341
23354
23367
23380
23393
23406
23419
23432
23445
23458
23471
23484
23497
23510
23523
23536
23549
23562
23575
23588
23601
23614
23627
23640
23652
23665
23678
23691
23704
23717
23730
23742
23755
23768
23781
23794
23806
23819
23832
23845
23858
23871
23884
23897
23909
23922
23935
23948
23961
23974
23987
24000
24013
24026
24039
24052
24065
24078
24091
24104
24117
24130
24143
24156
24169
24183
24196
24209
24222
24235
24248
24261
24274
24287
24300
24313
24326
24339
24352
24365
24378
24391
24404
24417
24429
24442
24455
24468
24481
24494
24507
24520
24533
24545
24558
24571
24584
24597
24609
24622
24635
24648
24661
24674
24687
24699
24712
24725
24738
24751
24764
24777
24790
24803
24816
24829
24842
24855
24868
24881
24894
24907
24920
24933
24946
24959
24972
24985
24998
25011
25024
25037
25050
25063
25076
25089
25102
25115
25128
25141
25154
25167
25180
25193
25206
25219
25232
25245
25258
25271
25284
25297
25310
25323
25335
25348
25361
25374
25387
25400
25413
25425
25438
25451
25464
25477
25489
25502
25515
25528
25541
25554
25567
25580
25593
25605
25618
25631
25644
25657
25670
25683
25696
25709
25722
25735
25748
25761
25774
25787
25800
25814
25827
25840
25853
25866
25879
25892
25905
25918
25931
25944
25957
25970
25983
25996
26009
26022
26035
26048
26061
26074
26087
26100
26113
26125
26138
26151
26164
26177
26190
26203
26216
26228
26241
26254
26267
26280
26292
26305
26318
26331
26344
26357
26370
26382
26395
26408
26421
26434
26447
26460
26473
26486
26499
26512
26525
26538
26551
26564
26577
26590
26603
26616
26629
26642
26655
26668
26681
26694
26707
26721
26734
26747
26760
26773
26786
26799
26812
26825
26838
26851
26864
26877
26890
26902
26915
26928
26941
26954
26967
26980
26993
27006
27019
27031
27044
27057
27070
27083
27095
27108
27121
27134
27147
27160
27173
27185
27198
27211
27224
27237
27250
27263
27276
27289
27302
27315
27327
27340
27353
27366
27379
27392
27405
27418
27432
27445
27458
27471
27484
27497
27510
27523
27536
27549
27562
27575
27588
27601
27614
27627
27640
27653
27666
27679
27692
27705
27718
27731
27744
27757
27770
27783
27796
27809
27821
27834
27847
27860
27873
27886
27899
27911
27924
27937
27950
27963
27975
27988
28001
28014
28027
28040
28053
28066
28078
28091
28104
28117
28130
28143
28156
28169
28182
28195
28208
28221
28234
28247
28260
28273
28286
28299
28312
28325
28338
28352
28365
28378
28391
28404
28417
28430
28443
28456
28469
28482
28496
28509
28522
28535
28548
28561
28574
28587
28600
28613
28626
28640
28653
28666
28679
28692
28705
28718
28731
28744
28757
28770
28783
28797
28810
28823
28836
28849
28862
28875
28888
28901
28914
28927
28940
28953
28966
28979
28991
29004
29017
29030
29043
29056
29069
29082
29095
29108
29120
29133
29146
29159
29172
29184
29197
29210
29223
29236
29249
29262
29274
29287
29300
29313
29326
29339
29352
29365
29378
29391
29404
29417
29430
29442
29455
29468
29481
29495
29508
29521
29534
29547
29560
29573
29586
29599
29612
29625
29638
29651
29664
29677
29690
29703
29716
29729
29742
29755
29768
29781
29794
29807
29820
29833
29846
29859
29872
29885
29898
29910
29923
29936
29949
29962
29975
29988
30000
30013
30026
30039
30052
30064
30077
30090
30103
30116
30129
30142
30155
30168
30180
30193
30206
30219
30232
30245
30258
30271
30284
30297
30310
30323
30336
30349
30362
30375
30388
30401
30414
30428
30441
30454
30466
30479
30492
30505
30517
30530
30542
30554
30567
30579
30591
30603
30615
30627
30639
30651
30662
30674
30686
30697
30709
30720
30732
30743
30754
30766
30777
30788
30799
30810
30821
30832
30843
30854
30865
30876
30886
30897
30908
30919
30930
30941
30952
30963
30974
30985
30996
31007
31017
31028
31039
31050
31061
31072
31083
31094
31105
31116
31127
31138
31149
31160
31171
31182
31193
31204
31215
31227
31238
31249
31260
31271
31282
31293
31304
31315
31326
31337
31348
31359
31370
31381
31392
31403
31414
31425
31436
31447
31458
31469
31480
31491
31502
31513
31524
31535
31546
31557
31568
31578
31589
31600
31611
31622
31633
31644
31655
31666
31676
31687
31698
31709
31720
31731
31742
31753
31764
31775
31785
31796
31807
31818
31829
31840
31851
31862
31873
31884
31895
31906
31917
31928
31939
31950
31961
31972
31983
31994
32005
32016
32027
32038
32049
32060
32071
32082
32093
32104
32115
32126
32137
32149
32160
32171
32182
32193
32204
32215
32226
32237
32248
32259
32270
32281
32292
32303
32314
32325
32335
32346
32357
32368
32379
32390
32401
32412
32423
32434
32445
32456
32467
32477
32488
32499
32510
32521
32532
32543
32554
32564
32575
32586
32597
32608
32619
32630
32641
32652
32663
32674
32685
32696
32706
32717
32728
32739
32750
32761
32772
32783
32794
32805
32816
32827
32838
32849
32860
32872
32883
32894
32905
32916
32927
32938
32949
32960
32971
32982
32993
33004
33015
33026
33037
33048
33059
33070
33081
33092
33103
33114
33125
33136
33147
33158
33169
33180
33191
33202
33213
33224
33235
33246
33256
33267
33278
33289
33300
33311
33322
33333
33344
33354
33365
33376
33387
33398
33409
33420
33431
33442
33452
33463
33474
33485
33496
33507
33518
33529
33540
33551
33562
33573
33584
33595
33606
33617
33628
33639
33650
33661
33672
33683
33694
33705
33716
33727
33738
33749
33760
33771
33782
33794
33805
33816
33827
33838
33849
33860
33871
33882
33893
33904
33915
33926
33937
33948
33959
33970
33981
33992
34003
34013
34024
34035
34046
34057
34068
34079
34090
34101
34112
34123
34134
34144
34155
34166
34177
34188
34199
34210
34221
34231
34242
34253
34264
34275
34286
34297
34308
34319
34330
34341
34352
34363
34374
34385
34395
34406
34417
34428
34439
34450
34461
34472
34483
34494
34506
34517
34528
34539
34550
34561
34572
34583
34594
34605
34616
34627
34638
34649
34660
34671
34682
34694
34705
34716
34727
34738
34749
34760
34771
34782
34793
34804
34815
34826
34837
34848
34860
34871
34882
34893
34904
34915
34926
34937
34948
34959
34970
34981
34992
35003
35015
35026
35037
35048
35059
35070
35081
35092
35103
35114
35125
35136
35147
35158
35169
35180
35191
35202
35213
35224
35235
35246
35257
35268
35279
35289
35300
35311
35322
35333
35344
35355
35366
35377
35388
35399
35409
35420
35431
35442
35453
35464
35475
35486
35496
35507
35518
35529
35540
35551
35562
35573
35584
35595
35606
35617
35628
35639
35650
35661
35672
35683
35694
35705
35716
35727
35738
35749
35760
35771
35782
35793
35804
35815
35826
35837
35848
35859
35870
35881
35892
35903
35914
35925
35936
35947
35958
35969
35980
35991
36002
36013
36024
36035
36046
36057
36068
36079
36090
36101
36112
36123
36134
36145
36156
36167
36178
36189
36199
36210
36221
36232
36243
36254
36265
36276
36286
36297
36308
36319
36330
36341
36352
36363
36374
36385
36396
36406
36417
36428
36439
36450
36461
36472
36483
36494
36505
36516
36527
36538
36549
36560
36571
36582
36593
36604
36615
36626
36637
36648
36659
36671
36682
36693
36704
36715
36726
36737
36748
36759
36770
36781
36792
36803
36814
36825
36836
36847
36858
36869
36880
36891
36902
36913
36924
36935
36946
36957
36967
36978
36989
37000
37011
37022
37033
37044
37055
37066
37076
37087
37098
37109
37120
37131
37142
37153
37164
37174
37185
37196
37207
37218
37229
37240
37251
37262
37273
37284
37295
37306
37317
37328
37339
37350
37361
37372
37383
37394
37405
37416
37427
37438
37449
37460
37471
37482
37493
37504
37515
37526
37537
37548
37559
37570
37581
37592
37603
37614
37626
37637
37648
37659
37670
37681
37691
37702
37713
37724
37735
37746
37757
37768
37779
37790
37801
37812
37823
37834
37845
37856
37866
37877
37888
37899
37910
37921
37932
37943
37954
37964
37975
37986
37997
38008
38019
38030
38041
38052
38063
38074
38084
38095
38106
38117
38128
38139
38150
38161
38172
38183
38194
38205
38216
38227
38238
38249
38260
38271
38282
38293
38304
38315
38327
38338
38349
38360
38371
38382
38393
38404
38415
38426
38437
38448
38459
38470
38481
38492
38503
38514
38525
38536
38547
38558
38569
38580
38591
38602
38613
38624
38635
38645
38656
38667
38678
38689
38700
38711
38722
38733
38744
38754
38765
38776
38787
38798
38809
38820
38831
38842
38852
38863
38874
38885
38896
38907
38918
38929
38940
38951
38962
38973
38984
38995
39006
39017
39028
39039
39050
39061
39072
39083
39094
39105
39116
39127
39138
39149
39160
39171
39182
39193
39204
39215
39226
39238
39249
39260
39271
39282
39293
39304
39315
39326
39337
39348
39359
39370
39381
39393
39404
39415
39426
39437
39448
39459
39470
39481
39492
39503
39514
39525
39536
39547
39559
39570
39581
39592
39603
39614
39625
39636
39647
39658
39669
39680
39691
39702
39713
39724
39735
39746
39757
39768
39779
39790
39801
39812
39823
39834
39845
39856
39867
39878
39889
39900
39911
39921
39932
39943
39954
39965
39976
39987
39998
40009
40019
40030
40041
40052
40063
40074
40085
40096
40107
40117
40128
40139
40150
40161
40172
40183
40194
40205
40216
40227
40238
40249
40260
40271
40282
40293
40304
40315
40326
40337
40348
40359
40370
40381
40392
40403
40414
40425
40436
40447
40458
40470
40481
40492
40503
40514
40525
40536
40547
40558
40569
40580
40591
40602
40613
40624
40635
40646
40657
40668
40678
40689
40700
40711
40722
40733
40744
40755
40766
40777
40788
40799
40809
40820
40831
40842
40853
40864
40875
40886
40896
40907
40918
40929
40940
40951
40962
40973
40984
40995
41006
41017
41028
41039
41049
41060
41071
41082
41093
41104
41115
41126
41137
41148
41159
41170
41181
41193
41204
41215
41226
41237
41248
41259
41270
41281
41292
41303
41314
41325
41336
41347
41358
41369
41380
41391
41402
41413
41424
41435
41446
41457
41468
41479
41490
41501
41512
41523
41534
41545
41556
41567
41578
41589
41599
41610
41621
41632
41643
41654
41665
41676
41686
41697
41708
41719
41730
41741
41752
41763
41774
41785
41795
41806
41817
41828
41839
41850
41861
41872
41883
41894
41905
41916
41927
41938
41949
41960
41971
41982
41993
42004
42015
42026
42037
42048
42059
42070
42081
42092
42103
42115
42126
42137
42149
42160
42172
42183
42195
42207
42219
42231
42243
42255
42267
42280
42292
42305
42317
42330
42343
42356
42369
42383
42396
42410
42423
42437
42451
42465
42479
42494
42508
42523
42538
42553
42567
42582
42597
42612
42626
42641
42656
42671
42686
42701
42715
42730
42745
42760
42775
42790
42805
42820
42835
42850
42865
42880
42895
42910
42925
42940
42955
42970
42985
43000
43015
43030
43046
43061
43076
43091
43106
43121
43136
43151
43166
43181
43196
43211
43226
43241
43257
43272
43287
43302
43317
43332
43347
43362
43377
43392
43407
43422
43437
43452
43467
43482
43497
43512
43527
43542
43557
43571
43586
43601
43616
43631
43646
43660
43675
43690
43705
43719
43734
43749
43764
43778
43793
43808
43822
43837
43852
43867
43882
43896
43911
43926
43941
43956
43971
43986
44000
44015
44030
44045
44060
44075
44090
44105
44120
44135
44150
44165
44180
44195
44210
44225
44241
44256
44271
44286
44301
44316
44331
44346
44361
44376
44391
44406
44421
44436
44452
44467
44482
44497
44512
44527
44542
44557
44572
44587
44602
44617
44632
44647
44662
44677
44692
44707
44722
44737
44752
44767
44782
44797
44812
44827
44842
44856
44871
44886
44901
44916
44930
44945
44960
44975
44989
45004
45019
45033
45048
45063
45078
45092
45107
45122
45137
45152
45166
45181
45196
45211
45226
45241
45256
45271
45286
45300
45315
45330
45345
45360
45375
45390
45405
45421
45436
45451
45466
45481
45496
45511
45526
45541
45556
45571
45586
45601
45616
45631
45647
45662
45677
45692
45707
45722
45737
45752
45767
45782
45797
45812
45827
45842
45857
45873
45888
45903
45918
45933
45948
45963
45978
45992
46007
46022
46037
46052
46067
46082
46097
46112
46126
46141
46156
46171
46186
46200
46215
46230
46245
46259
46274
46289
46303
46318
46333
46348
46362
46377
46392
46407
46422
46436
46451
46466
46481
46496
46511
46526
46541
46556
46571
46586
46601
46616
46631
46646
46661
46676
46691
46706
46721
46736
46751
46766
46781
46796
46811
46826
46842
46857
46872
46887
46902
46917
46932
46947
46962
46977
46992
47007
47022
47037
47053
47068
47083
47098
47113
47128
47143
47158
47173
47188
47203
47218
47233
47248
47263
47278
47292
47307
47322
47337
47352
47367
47382
47396
47411
47426
47441
47455
47470
47485
47500
47514
47529
47544
47559
47573
47588
47603
47618
47632
47647
47662
47677
47692
47707
47721
47736
47751
47766
47781
47796
47811
47826
47841
47856
47871
47886
47901
47916
47931
47946
47961
47976
47991
48006
48022
48037
48052
48067
48082
48097
48112
48127
48142
48157
48172
48187
48202
48217
48233
48248
48263
48278
48293
48308
48323
48338
48353
48368
48383
48398
48413
48428
48443
48458
48473
48488
48503
48518
48533
48548
48563
48577
48592
48607
48622
48637
48652
48666
48681
48696
48711
48725
48740
48755
48769
48784
48799
48814
48828
48843
48858
48873
48888
48902
48917
48932
48947
48962
48977
48992
49006
49021
49036
49051
49066
49081
49096
49111
49126
49141
49156
49171
49186
49201
49217
49232
49247
49262
49277
49292
49307
49322
49337
49352
49367
49382
49397
49412
49428
49443
49458
49473
49488
49503
49518
49533
49548
49563
49578
49593
49608
49623
49638
49654
49669
49684
49699
49714
49729
49744
49759
49774
49789
49804
49819
49834
49849
49865
49880
49895
49910
49925
49940
49955
49970
49985
50000
